# JRE version: OpenJDK Runtime Environment (8.0_242-b01) (build 1.8.0_242-release-1644-b01)
# Java VM: OpenJDK 64-Bit Server VM (25.242-b01 mixed mode windows-amd64 compressed oops)
Heap:
 PSYoungGen      total 432640K, used 120903K [0x00000000e0000000, 0x0000000100000000, 0x0000000100000000)
  eden space 347648K, 32% used [0x00000000e0000000,0x00000000e6f79f38,0x00000000f5380000)
  from space 84992K, 7% used [0x00000000fa300000,0x00000000fa998020,0x00000000ff600000)
  to   space 81408K, 0% used [0x00000000f5380000,0x00000000f5380000,0x00000000fa300000)
 ParOldGen       total 522240K, used 474696K [0x00000000a0000000, 0x00000000bfe00000, 0x00000000e0000000)
  object space 522240K, 90% used [0x00000000a0000000,0x00000000bcf92010,0x00000000bfe00000)
 Metaspace       used 158883K, capacity 167746K, committed 167896K, reserved 1196032K
  class space    used 20165K, capacity 21995K, committed 22016K, reserved 1048576K
GC Heap History (10 events):
Event: 708.263 GC heap before
{Heap before GC invocations=52 (full 6):
 PSYoungGen      total 420864K, used 361853K [0x00000000e0000000, 0x0000000100000000, 0x0000000100000000)
  eden space 330240K, 100% used [0x00000000e0000000,0x00000000f4280000,0x00000000f4280000)
  from space 90624K, 34% used [0x00000000f4280000,0x00000000f615f650,0x00000000f9b00000)
  to   space 88064K, 0% used [0x00000000faa00000,0x00000000faa00000,0x0000000100000000)
 ParOldGen       total 522240K, used 393106K [0x00000000a0000000, 0x00000000bfe00000, 0x00000000e0000000)
  object space 522240K, 75% used [0x00000000a0000000,0x00000000b7fe4808,0x00000000bfe00000)
 Metaspace       used 157051K, capacity 165408K, committed 165592K, reserved 1193984K
  class space    used 19928K, capacity 21715K, committed 21760K, reserved 1048576K
Event: 708.421 GC heap after
Heap after GC invocations=52 (full 6):
 PSYoungGen      total 424960K, used 53640K [0x00000000e0000000, 0x0000000100000000, 0x0000000100000000)
  eden space 336896K, 0% used [0x00000000e0000000,0x00000000e0000000,0x00000000f4900000)
  from space 88064K, 60% used [0x00000000faa00000,0x00000000fde62218,0x0000000100000000)
  to   space 93696K, 0% used [0x00000000f4900000,0x00000000f4900000,0x00000000fa480000)
 ParOldGen       total 522240K, used 409063K [0x00000000a0000000, 0x00000000bfe00000, 0x00000000e0000000)
  object space 522240K, 78% used [0x00000000a0000000,0x00000000b8f79dd8,0x00000000bfe00000)
 Metaspace       used 157051K, capacity 165408K, committed 165592K, reserved 1193984K
  class space    used 19928K, capacity 21715K, committed 21760K, reserved 1048576K
}
Event: 709.862 GC heap before
{Heap before GC invocations=53 (full 6):
 PSYoungGen      total 424960K, used 390536K [0x00000000e0000000, 0x0000000100000000, 0x0000000100000000)
  eden space 336896K, 100% used [0x00000000e0000000,0x00000000f4900000,0x00000000f4900000)
  from space 88064K, 60% used [0x00000000faa00000,0x00000000fde62218,0x0000000100000000)
  to   space 93696K, 0% used [0x00000000f4900000,0x00000000f4900000,0x00000000fa480000)
 ParOldGen       total 522240K, used 409063K [0x00000000a0000000, 0x00000000bfe00000, 0x00000000e0000000)
  object space 522240K, 78% used [0x00000000a0000000,0x00000000b8f79dd8,0x00000000bfe00000)
 Metaspace       used 157132K, capacity 165472K, committed 165592K, reserved 1193984K
  class space    used 19930K, capacity 21715K, committed 21760K, reserved 1048576K
Event: 709.880 GC heap after
Heap after GC invocations=53 (full 6):
 PSYoungGen      total 430592K, used 2672K [0x00000000e0000000, 0x00000000fff80000, 0x0000000100000000)
  eden space 336896K, 0% used [0x00000000e0000000,0x00000000e0000000,0x00000000f4900000)
  from space 93696K, 2% used [0x00000000f4900000,0x00000000f4b9c010,0x00000000fa480000)
  to   space 90624K, 0% used [0x00000000fa700000,0x00000000fa700000,0x00000000fff80000)
 ParOldGen       total 522240K, used 412333K [0x00000000a0000000, 0x00000000bfe00000, 0x00000000e0000000)
  object space 522240K, 78% used [0x00000000a0000000,0x00000000b92ab678,0x00000000bfe00000)
 Metaspace       used 157132K, capacity 165472K, committed 165592K, reserved 1193984K
  class space    used 19930K, capacity 21715K, committed 21760K, reserved 1048576K
}
Event: 712.549 GC heap before
{Heap before GC invocations=54 (full 6):
 PSYoungGen      total 430592K, used 339568K [0x00000000e0000000, 0x00000000fff80000, 0x0000000100000000)
  eden space 336896K, 100% used [0x00000000e0000000,0x00000000f4900000,0x00000000f4900000)
  from space 93696K, 2% used [0x00000000f4900000,0x00000000f4b9c010,0x00000000fa480000)
  to   space 90624K, 0% used [0x00000000fa700000,0x00000000fa700000,0x00000000fff80000)
 ParOldGen       total 522240K, used 444646K [0x00000000a0000000, 0x00000000bfe00000, 0x00000000e0000000)
  object space 522240K, 85% used [0x00000000a0000000,0x00000000bb239b00,0x00000000bfe00000)
 Metaspace       used 157896K, capacity 166520K, committed 166744K, reserved 1193984K
  class space    used 20047K, capacity 21887K, committed 21888K, reserved 1048576K
Event: 712.578 GC heap after
Heap after GC invocations=54 (full 6):
 PSYoungGen      total 429056K, used 42096K [0x00000000e0000000, 0x00000000ffe00000, 0x0000000100000000)
  eden space 339968K, 0% used [0x00000000e0000000,0x00000000e0000000,0x00000000f4c00000)
  from space 89088K, 47% used [0x00000000fa700000,0x00000000fd01c048,0x00000000ffe00000)
  to   space 91136K, 0% used [0x00000000f4c00000,0x00000000f4c00000,0x00000000fa500000)
 ParOldGen       total 522240K, used 446646K [0x00000000a0000000, 0x00000000bfe00000, 0x00000000e0000000)
  object space 522240K, 85% used [0x00000000a0000000,0x00000000bb42db40,0x00000000bfe00000)
 Metaspace       used 157896K, capacity 166520K, committed 166744K, reserved 1193984K
  class space    used 20047K, capacity 21887K, committed 21888K, reserved 1048576K
}
Event: 723.997 GC heap before
{Heap before GC invocations=55 (full 6):
 PSYoungGen      total 429056K, used 382064K [0x00000000e0000000, 0x00000000ffe00000, 0x0000000100000000)
  eden space 339968K, 100% used [0x00000000e0000000,0x00000000f4c00000,0x00000000f4c00000)
  from space 89088K, 47% used [0x00000000fa700000,0x00000000fd01c048,0x00000000ffe00000)
  to   space 91136K, 0% used [0x00000000f4c00000,0x00000000f4c00000,0x00000000fa500000)
 ParOldGen       total 522240K, used 446727K [0x00000000a0000000, 0x00000000bfe00000, 0x00000000e0000000)
  object space 522240K, 85% used [0x00000000a0000000,0x00000000bb441e88,0x00000000bfe00000)
 Metaspace       used 158439K, capacity 167076K, committed 167384K, reserved 1193984K
  class space    used 20118K, capacity 21936K, committed 22016K, reserved 1048576K
Event: 724.019 GC heap after
Heap after GC invocations=55 (full 6):
 PSYoungGen      total 361472K, used 21353K [0x00000000e0000000, 0x00000000ff600000, 0x0000000100000000)
  eden space 339968K, 0% used [0x00000000e0000000,0x00000000e0000000,0x00000000f4c00000)
  from space 21504K, 99% used [0x00000000f4c00000,0x00000000f60da7c8,0x00000000f6100000)
  to   space 84992K, 0% used [0x00000000fa300000,0x00000000fa300000,0x00000000ff600000)
 ParOldGen       total 522240K, used 455279K [0x00000000a0000000, 0x00000000bfe00000, 0x00000000e0000000)
  object space 522240K, 87% used [0x00000000a0000000,0x00000000bbc9bc78,0x00000000bfe00000)
 Metaspace       used 158439K, capacity 167076K, committed 167384K, reserved 1193984K
  class space    used 20118K, capacity 21936K, committed 22016K, reserved 1048576K
}
Event: 742.384 GC heap before
{Heap before GC invocations=56 (full 6):
 PSYoungGen      total 361472K, used 361321K [0x00000000e0000000, 0x00000000ff600000, 0x0000000100000000)
  eden space 339968K, 100% used [0x00000000e0000000,0x00000000f4c00000,0x00000000f4c00000)
  from space 21504K, 99% used [0x00000000f4c00000,0x00000000f60da7c8,0x00000000f6100000)
  to   space 84992K, 0% used [0x00000000fa300000,0x00000000fa300000,0x00000000ff600000)
 ParOldGen       total 522240K, used 455279K [0x00000000a0000000, 0x00000000bfe00000, 0x00000000e0000000)
  object space 522240K, 87% used [0x00000000a0000000,0x00000000bbc9bc78,0x00000000bfe00000)
 Metaspace       used 158566K, capacity 167248K, committed 167384K, reserved 1193984K
  class space    used 20129K, capacity 21954K, committed 22016K, reserved 1048576K
Event: 742.430 GC heap after
Heap after GC invocations=56 (full 6):
 PSYoungGen      total 432640K, used 6752K [0x00000000e0000000, 0x0000000100000000, 0x0000000100000000)
  eden space 347648K, 0% used [0x00000000e0000000,0x00000000e0000000,0x00000000f5380000)
  from space 84992K, 7% used [0x00000000fa300000,0x00000000fa998020,0x00000000ff600000)
  to   space 81408K, 0% used [0x00000000f5380000,0x00000000f5380000,0x00000000fa300000)
 ParOldGen       total 522240K, used 474696K [0x00000000a0000000, 0x00000000bfe00000, 0x00000000e0000000)
  object space 522240K, 90% used [0x00000000a0000000,0x00000000bcf92010,0x00000000bfe00000)
 Metaspace       used 158566K, capacity 167248K, committed 167384K, reserved 1193984K
  class space    used 20129K, capacity 21954K, committed 22016K, reserved 1048576K
}

